Using pre-set license
Built from '2020.3/staging' branch; Version is '2020.3.25f1 (9b9180224418) revision 10195328'; Using compiler version '192528614'; Build Type 'Release'
OS: 'Windows 10  (10.0.19045) 64bit Professional' Language: 'ru' Physical Memory: 16203 MB
BatchMode: 1, IsHumanControllingUs: 0, StartBugReporterOnCrash: 0, Is64bit: 1, IsPro: 0

COMMAND LINE ARGUMENTS:
D:\юніт\2020.3.25f1\Editor\Unity.exe
-adb2
-batchMode
-noUpm
-name
AssetImportWorker0
-projectPath
D:/The best Game
-logFile
Logs/AssetImportWorker0.log
-srvPort
57261
Successfully changed project path to: D:/The best Game
D:/The best Game
Using Asset Import Pipeline V2.
Refreshing native plugins compatible for Editor in 83.02 ms, found 3 plugins.
Preloading 0 native plugins for Editor in 0.00 ms.
Initialize engine version: 2020.3.25f1 (9b9180224418)
[Subsystems] Discovering subsystems at path D:/юніт/2020.3.25f1/Editor/Data/Resources/UnitySubsystems
[Subsystems] Discovering subsystems at path D:/The best Game/Assets
GfxDevice: creating device client; threaded=0
Direct3D:
    Version:  Direct3D 11.0 [level 11.1]
    Renderer: Intel(R) HD Graphics 530 (ID=0x191b)
    Vendor:   
    VRAM:     8101 MB
    Driver:   27.20.100.9664
Initialize mono
Mono path[0] = 'D:/юніт/2020.3.25f1/Editor/Data/Managed'
Mono path[1] = 'D:/юніт/2020.3.25f1/Editor/Data/MonoBleedingEdge/lib/mono/unityjit'
Mono config path = 'D:/юніт/2020.3.25f1/Editor/Data/MonoBleedingEdge/etc'
Using monoOptions --debugger-agent=transport=dt_socket,embedding=1,server=y,suspend=n,address=127.0.0.1:56704
Begin MonoManager ReloadAssembly
Registering precompiled unity dll's ...
Register platform support module: D:/юніт/2020.3.25f1/Editor/Data/PlaybackEngines/WindowsStandaloneSupport/UnityEditor.WindowsStandalone.Extensions.dll
Registered in 0.001377 seconds.
Native extension for WindowsStandalone target not found
Refreshing native plugins compatible for Editor in 67.44 ms, found 3 plugins.
Preloading 0 native plugins for Editor in 0.00 ms.
Mono: successfully reloaded assembly
- Completed reload, in  0.754 seconds
Domain Reload Profiling:
	ReloadAssembly (755ms)
		BeginReloadAssembly (65ms)
			ExecutionOrderSort (0ms)
			DisableScriptedObjects (0ms)
			BackupInstance (0ms)
			ReleaseScriptingObjects (0ms)
			CreateAndSetChildDomain (1ms)
		EndReloadAssembly (599ms)
			LoadAssemblies (64ms)
			RebuildTransferFunctionScriptingTraits (0ms)
			SetupTypeCache (204ms)
			ReleaseScriptCaches (0ms)
			RebuildScriptCaches (41ms)
			SetupLoadedEditorAssemblies (233ms)
				LogAssemblyErrors (0ms)
				InitializePlatformSupportModulesInManaged (5ms)
				SetLoadedEditorAssemblies (0ms)
				RefreshPlugins (68ms)
				BeforeProcessingInitializeOnLoad (11ms)
				ProcessInitializeOnLoadAttributes (106ms)
				ProcessInitializeOnLoadMethodAttributes (42ms)
				AfterProcessingInitializeOnLoad (0ms)
				EditorAssembliesLoaded (1ms)
			ExecutionOrderSort2 (0ms)
			AwakeInstancesAfterBackupRestoration (0ms)
Platform modules already initialized, skipping
Registering precompiled user dll's ...
Registered in 0.010212 seconds.
Begin MonoManager ReloadAssembly
Native extension for WindowsStandalone target not found
Refreshing native plugins compatible for Editor in 61.82 ms, found 3 plugins.
Preloading 0 native plugins for Editor in 0.00 ms.
Mono: successfully reloaded assembly
- Completed reload, in  1.608 seconds
Domain Reload Profiling:
	ReloadAssembly (1609ms)
		BeginReloadAssembly (238ms)
			ExecutionOrderSort (0ms)
			DisableScriptedObjects (5ms)
			BackupInstance (0ms)
			ReleaseScriptingObjects (0ms)
			CreateAndSetChildDomain (39ms)
		EndReloadAssembly (1258ms)
			LoadAssemblies (163ms)
			RebuildTransferFunctionScriptingTraits (0ms)
			SetupTypeCache (410ms)
			ReleaseScriptCaches (1ms)
			RebuildScriptCaches (66ms)
			SetupLoadedEditorAssemblies (521ms)
				LogAssemblyErrors (0ms)
				InitializePlatformSupportModulesInManaged (5ms)
				SetLoadedEditorAssemblies (0ms)
				RefreshPlugins (62ms)
				BeforeProcessingInitializeOnLoad (80ms)
				ProcessInitializeOnLoadAttributes (343ms)
				ProcessInitializeOnLoadMethodAttributes (28ms)
				AfterProcessingInitializeOnLoad (3ms)
				EditorAssembliesLoaded (0ms)
			ExecutionOrderSort2 (0ms)
			AwakeInstancesAfterBackupRestoration (10ms)
Platform modules already initialized, skipping
========================================================================
Worker process is ready to serve import requests
Launched and connected shader compiler UnityShaderCompiler.exe after 0.10 seconds
Refreshing native plugins compatible for Editor in 0.72 ms, found 3 plugins.
Preloading 0 native plugins for Editor in 0.00 ms.
Unloading 2533 Unused Serialized files (Serialized files now loaded: 0)
System memory in use before: 129.3 MB.
System memory in use after: 129.5 MB.

Unloading 29 unused Assets to reduce memory usage. Loaded Objects now: 2996.
Total: 4.817100 ms (FindLiveObjects: 0.310300 ms CreateObjectMapping: 0.228700 ms MarkObjects: 4.122800 ms  DeleteObjects: 0.153900 ms)

AssetImportParameters requested are different than current active one (requested -> active):
  custom:framework-win-MediaFoundation: 216162199b28c13a410421893ffa2e32 -> 
  custom:video-decoder-ogg-theora: a1e56fd34408186e4bbccfd4996cb3dc -> 
  custom:container-muxer-webm: aa71ff27fc2769a1b78a27578f13a17b -> 
  custom:container-demuxer-webm: 4f35f7cbe854078d1ac9338744f61a02 -> 
  custom:container-demuxer-ogg: 62fdf1f143b41e24485cea50d1cbac27 -> 
  custom:video-encoder-webm-vp8: eb34c28f22e8b96e1ab97ce403110664 -> 
  custom:video-decoder-webm-vp8: 9c59270c3fd7afecdb556c50c9e8de78 -> 
  custom:audio-decoder-ogg-vorbis: bf7c407c2cedff20999df2af8eb42d56 -> 
  custom:audio-encoder-webm-vorbis: bf7c407c2cedff20999df2af8eb42d56 -> 
========================================================================
Received Import Request.
  path: Assets/texture/maps.png
  artifactKey: Guid(2e1a344a7f69b7a4da72973d4f1584b9) Importer(815301076,1909f56bfc062723c751e8b465ee728b)
Start importing Assets/texture/maps.png using Guid(2e1a344a7f69b7a4da72973d4f1584b9) Importer(815301076,1909f56bfc062723c751e8b465ee728b)  -> (artifact id: '3357cbc99cd10c96ba7fb8fffefe69e5') in 0.393478 seconds 
  Import took 0.415075 seconds .

========================================================================
Received Import Request.
  Time since last request: 13.376470 seconds.
  path: Assets/texture/ice_stone.png
  artifactKey: Guid(2aec46244e3a667479750fe1a16ae798) Importer(815301076,1909f56bfc062723c751e8b465ee728b)
Start importing Assets/texture/ice_stone.png using Guid(2aec46244e3a667479750fe1a16ae798) Importer(815301076,1909f56bfc062723c751e8b465ee728b)  -> (artifact id: '69a23c5565810a81404e0686629e0963') in 0.107826 seconds 
  Import took 0.117775 seconds .

========================================================================
Received Import Request.
  Time since last request: 4.167888 seconds.
  path: Assets/texture/back.png
  artifactKey: Guid(cb71d6f389c68d34aa5cde5b1d741d28) Importer(815301076,1909f56bfc062723c751e8b465ee728b)
Start importing Assets/texture/back.png using Guid(cb71d6f389c68d34aa5cde5b1d741d28) Importer(815301076,1909f56bfc062723c751e8b465ee728b)  -> (artifact id: '285ccec71502514c3b12a9a04ae57976') in 0.047851 seconds 
  Import took 0.109563 seconds .

========================================================================
Received Import Request.
  Time since last request: 23.872152 seconds.
  path: Assets/texture/background.png
  artifactKey: Guid(4acf434404f831a4c8b4f9114c866f84) Importer(815301076,1909f56bfc062723c751e8b465ee728b)
Start importing Assets/texture/background.png using Guid(4acf434404f831a4c8b4f9114c866f84) Importer(815301076,1909f56bfc062723c751e8b465ee728b)  -> (artifact id: '3baa538ad8cdfe0b81e618f642e0b96f') in 0.050937 seconds 
  Import took 0.066747 seconds .

========================================================================
Received Import Request.
  Time since last request: 22.171481 seconds.
  path: Assets/texture/background_of_the_game.png
  artifactKey: Guid(f453d756d67d01b42a43071df1bf3b01) Importer(815301076,1909f56bfc062723c751e8b465ee728b)
Start importing Assets/texture/background_of_the_game.png using Guid(f453d756d67d01b42a43071df1bf3b01) Importer(815301076,1909f56bfc062723c751e8b465ee728b)  -> (artifact id: 'f9d8eff2df4a421f63a0833ede9a9369') in 0.076015 seconds 
  Import took 0.102366 seconds .

========================================================================
Received Import Request.
  Time since last request: 11.637182 seconds.
  path: Assets/texture/mmaps.jpg
  artifactKey: Guid(d2a1c48733d211b41a00befa37625fff) Importer(815301076,1909f56bfc062723c751e8b465ee728b)
Start importing Assets/texture/mmaps.jpg using Guid(d2a1c48733d211b41a00befa37625fff) Importer(815301076,1909f56bfc062723c751e8b465ee728b)  -> (artifact id: 'd419eb8ab13b28c0ff6177c5c091edc4') in 0.060464 seconds 
  Import took 0.078005 seconds .

========================================================================
Received Import Request.
  Time since last request: 5.650927 seconds.
  path: Assets/texture/maps.jpg
  artifactKey: Guid(3f6651ff61f06444d90b18c8f74e36f6) Importer(815301076,1909f56bfc062723c751e8b465ee728b)
Start importing Assets/texture/maps.jpg using Guid(3f6651ff61f06444d90b18c8f74e36f6) Importer(815301076,1909f56bfc062723c751e8b465ee728b)  -> (artifact id: 'ae54e128ed64e65340540d94ddb07773') in 0.055760 seconds 
  Import took 0.078706 seconds .

========================================================================
Received Import Request.
  Time since last request: 27.605204 seconds.
  path: Assets/texture/icecle.jpg
  artifactKey: Guid(44ca45238eeb5f9468b03759ceae39dc) Importer(815301076,1909f56bfc062723c751e8b465ee728b)
Start importing Assets/texture/icecle.jpg using Guid(44ca45238eeb5f9468b03759ceae39dc) Importer(815301076,1909f56bfc062723c751e8b465ee728b)  -> (artifact id: '0f3a7cdf8b25c36db3fe37ef07b028a0') in 0.046214 seconds 
  Import took 0.063034 seconds .

AssetImportWorkerClient::OnTransportError - code=2 error=End of file
